unityLibrary/build/intermediates/manifest_merge_blame_file/debug/manifest-merger-blame-debug-report.txt
1<?xml version="1.0" encoding="utf-8"?>
2<manifest xmlns:android="http://schemas.android.com/apk/res/android"
3    package="com.unity3d.player" >
4
5    <uses-sdk
6        android:minSdkVersion="24"
6-->src\main\AndroidManifest.xml
7        android:targetSdkVersion="32" />
7-->src\main\AndroidManifest.xml
8
9    <uses-feature android:glEsVersion="0x00030000" />
9-->src\main\AndroidManifest.xml:3:3-52
9-->src\main\AndroidManifest.xml:3:17-49
10    <uses-feature
10-->src\main\AndroidManifest.xml:4:3-91
11        android:name="android.hardware.vulkan.version"
11-->src\main\AndroidManifest.xml:4:17-63
12        android:required="false" />
12-->src\main\AndroidManifest.xml:4:64-88
13    <uses-feature
13-->src\main\AndroidManifest.xml:5:3-88
14        android:name="android.hardware.touchscreen"
14-->src\main\AndroidManifest.xml:5:17-60
15        android:required="false" />
15-->src\main\AndroidManifest.xml:5:61-85
16    <uses-feature
16-->src\main\AndroidManifest.xml:6:3-99
17        android:name="android.hardware.touchscreen.multitouch"
17-->src\main\AndroidManifest.xml:6:17-71
18        android:required="false" />
18-->src\main\AndroidManifest.xml:6:72-96
19    <uses-feature
19-->src\main\AndroidManifest.xml:7:3-108
20        android:name="android.hardware.touchscreen.multitouch.distinct"
20-->src\main\AndroidManifest.xml:7:17-80
21        android:required="false" />
21-->src\main\AndroidManifest.xml:7:81-105
22
23    <application android:extractNativeLibs="true" >
23-->src\main\AndroidManifest.xml:8:3-43:17
23-->src\main\AndroidManifest.xml:8:16-48
24        <meta-data
24-->src\main\AndroidManifest.xml:9:5-11:29
25            android:name="unity.splash-mode"
25-->src\main\AndroidManifest.xml:10:9-41
26            android:value="0" />
26-->src\main\AndroidManifest.xml:11:9-26
27        <meta-data
27-->src\main\AndroidManifest.xml:12:5-14:32
28            android:name="unity.splash-enable"
28-->src\main\AndroidManifest.xml:13:9-43
29            android:value="True" />
29-->src\main\AndroidManifest.xml:14:9-29
30        <meta-data
30-->src\main\AndroidManifest.xml:15:5-17:32
31            android:name="unity.launch-fullscreen"
31-->src\main\AndroidManifest.xml:16:9-47
32            android:value="True" />
32-->src\main\AndroidManifest.xml:17:9-29
33        <meta-data
33-->src\main\AndroidManifest.xml:18:5-20:33
34            android:name="unity.allow-resizable-window"
34-->src\main\AndroidManifest.xml:19:9-52
35            android:value="False" />
35-->src\main\AndroidManifest.xml:20:9-30
36        <meta-data
36-->src\main\AndroidManifest.xml:21:5-23:46
37            android:name="notch.config"
37-->src\main\AndroidManifest.xml:22:9-36
38            android:value="portrait|landscape" />
38-->src\main\AndroidManifest.xml:23:9-43
39        <meta-data
39-->src\main\AndroidManifest.xml:24:5-26:32
40            android:name="unity.auto-report-fully-drawn"
40-->src\main\AndroidManifest.xml:25:9-53
41            android:value="true" />
41-->src\main\AndroidManifest.xml:26:9-29
42
43        <activity
43-->src\main\AndroidManifest.xml:27:5-42:16
44            android:name="com.romans.myunitylibrary.PluginActivity"
44-->src\main\AndroidManifest.xml:28:9-64
45            android:configChanges="mcc|mnc|locale|touchscreen|keyboard|keyboardHidden|navigation|orientation|screenLayout|uiMode|screenSize|smallestScreenSize|fontScale|layoutDirection|density"
45-->src\main\AndroidManifest.xml:32:9-190
46            android:exported="true"
46-->src\main\AndroidManifest.xml:35:9-32
47            android:hardwareAccelerated="false"
47-->src\main\AndroidManifest.xml:34:9-44
48            android:launchMode="singleTask"
48-->src\main\AndroidManifest.xml:31:9-40
49            android:resizeableActivity="false"
49-->src\main\AndroidManifest.xml:33:9-43
50            android:screenOrientation="fullUser"
50-->src\main\AndroidManifest.xml:30:9-45
51            android:theme="@style/UnityThemeSelector" >
51-->src\main\AndroidManifest.xml:29:9-50
52            <intent-filter>
52-->src\main\AndroidManifest.xml:36:7-39:23
53                <category android:name="android.intent.category.DEFAULT" />
53-->src\main\AndroidManifest.xml:37:9-68
53-->src\main\AndroidManifest.xml:37:19-65
54
55                <action android:name="android.intent.action.MAIN" />
55-->src\main\AndroidManifest.xml:38:9-61
55-->src\main\AndroidManifest.xml:38:17-58
56            </intent-filter>
57
58            <meta-data
58-->src\main\AndroidManifest.xml:40:7-82
59                android:name="unityplayer.UnityActivity"
59-->src\main\AndroidManifest.xml:40:18-58
60                android:value="true" />
60-->src\main\AndroidManifest.xml:40:59-79
61            <meta-data
61-->src\main\AndroidManifest.xml:41:7-70
62                android:name="notch_support"
62-->src\main\AndroidManifest.xml:41:18-46
63                android:value="true" />
63-->src\main\AndroidManifest.xml:41:47-67
64        </activity>
65    </application>
66
67</manifest>